2015-01-27T16:31:16+01:00 INFO (6): --- User Added ---
2015-01-27T16:31:16+01:00 INFO (6): array (
  'username' => '',
)
2015-01-27T16:31:17+01:00 INFO (6): --- User Added ---
2015-01-27T16:31:17+01:00 INFO (6): array (
  'username' => '',
)
2015-01-27T16:31:29+01:00 INFO (6): --- User Added ---
2015-01-27T16:31:29+01:00 INFO (6): array (
  'username' => '',
)
2015-01-27T16:40:47+01:00 INFO (6): --- User Added ---
2015-01-27T16:40:47+01:00 INFO (6): array (
  'username' => 0,
)
2015-01-27T16:41:08+01:00 INFO (6): --- User Added ---
2015-01-27T16:41:08+01:00 INFO (6): array (
  'username' => 0,
)
2015-01-27T16:41:11+01:00 INFO (6): --- User Added ---
2015-01-27T16:41:11+01:00 INFO (6): array (
  'username' => 0,
)
2015-01-27T16:44:09+01:00 INFO (6): --- User Added ---
2015-01-27T16:44:09+01:00 INFO (6): array (
  'username' => 0,
)
2015-01-27T16:50:08+01:00 INFO (6): --- User Added ---
2015-01-27T16:50:08+01:00 INFO (6): array (
  'username' => '',
)
2015-01-27T16:50:10+01:00 INFO (6): --- User Added ---
2015-01-27T16:50:10+01:00 INFO (6): array (
  'username' => '',
)
2015-01-27T16:50:19+01:00 INFO (6): --- User Added ---
2015-01-27T16:50:19+01:00 INFO (6): array (
  'username' => '',
)
2015-01-27T17:29:52+01:00 INFO (6): --- User Added ---
2015-01-27T17:29:52+01:00 INFO (6): array (
  'username' => 'admin',
  'password' => '2206',
  'email' => 'bracketscurly@gmail.com',
)
